TN:
SF:src/ai/newsletter-generator.ts
FN:25,createNewsletterPrompt
FN:26,(anonymous_2)
FN:64,generateNewsletter
FN:105,(anonymous_4)
FNF:4
FNH:4
FNDA:14,createNewsletterPrompt
FNDA:30,(anonymous_2)
FNDA:14,generateNewsletter
FNDA:29,(anonymous_4)
DA:1,4
DA:3,4
DA:5,4
DA:7,4
DA:8,4
DA:26,14
DA:27,30
DA:34,14
DA:64,4
DA:65,14
DA:66,14
DA:68,14
DA:96,0
DA:97,0
DA:99,14
DA:102,14
DA:105,29
LF:17
LH:15
BRDA:30,0,0,30
BRDA:30,0,1,4
BRDA:106,1,0,29
BRDA:106,1,1,0
BRDA:108,2,0,29
BRDA:108,2,1,4
BRF:6
BRH:5
end_of_record
TN:
SF:src/api/routes.ts
FN:11,(anonymous_0)
FN:19,(anonymous_1)
FNF:2
FNH:2
FNDA:1,(anonymous_0)
FNDA:6,(anonymous_1)
DA:1,2
DA:2,2
DA:3,2
DA:5,2
DA:11,2
DA:12,1
DA:19,2
DA:20,6
DA:21,6
DA:23,6
DA:24,3
DA:30,3
DA:32,3
DA:34,3
DA:35,3
DA:36,3
DA:39,3
DA:40,0
DA:46,3
DA:48,3
DA:56,0
DA:57,0
DA:64,2
LF:23
LH:20
BRDA:23,0,0,3
BRDA:23,1,0,6
BRDA:23,1,1,4
BRDA:34,2,0,3
BRDA:39,3,0,0
BRF:5
BRH:4
end_of_record
TN:
SF:src/database/sqlite.ts
FN:22,initializeDatabase
FN:26,(anonymous_2)
FN:52,insertArticle
FN:70,getRecentArticles
FN:80,searchArticles
FNF:5
FNH:5
FNDA:6,initializeDatabase
FNDA:30,(anonymous_2)
FNDA:15,insertArticle
FNDA:7,getRecentArticles
FNDA:6,searchArticles
DA:1,4
DA:2,4
DA:3,4
DA:4,4
DA:5,4
DA:7,4
DA:9,4
DA:10,4
DA:12,4
DA:13,0
DA:16,4
DA:18,4
DA:19,4
DA:20,4
DA:22,4
DA:23,6
DA:24,6
DA:25,6
DA:26,30
DA:28,6
DA:29,24
DA:32,6
DA:34,0
DA:35,0
DA:52,4
DA:53,15
DA:58,15
DA:70,4
DA:71,7
DA:77,7
DA:80,4
DA:81,6
DA:89,6
DA:90,6
DA:93,4
LF:35
LH:32
BRDA:9,0,0,4
BRDA:9,0,1,0
BRDA:12,1,0,0
BRDA:70,2,0,0
BRF:4
BRH:1
end_of_record
TN:
SF:src/scrapers/rss-parser.ts
FN:20,parseFeed
FN:24,(anonymous_2)
FN:39,parseAllFeeds
FN:45,(anonymous_4)
FNF:4
FNH:4
FNDA:16,parseFeed
FNDA:228,(anonymous_2)
FNDA:2,parseAllFeeds
FNDA:12,(anonymous_4)
DA:1,3
DA:4,3
DA:11,3
DA:20,3
DA:21,16
DA:22,16
DA:24,228
DA:34,5
DA:35,5
DA:39,3
DA:40,2
DA:42,2
DA:43,12
DA:44,12
DA:45,12
DA:48,2
LF:16
LH:16
BRDA:25,0,0,228
BRDA:25,0,1,0
BRDA:26,1,0,228
BRDA:26,1,1,0
BRDA:26,1,2,0
BRDA:28,2,0,228
BRDA:28,2,1,0
BRDA:29,3,0,228
BRDA:29,3,1,208
BRDA:30,4,0,228
BRDA:30,4,1,0
BRDA:31,5,0,228
BRDA:31,5,1,124
BRF:13
BRH:8
end_of_record
